<?xml version="1.0" encoding="UTF-8"?>
<testng-results skipped="0" failed="0" ignored="0" total="1" passed="1">
  <reporter-output>
  </reporter-output>
  <suite name="Default suite" duration-ms="14228" started-at="2017-11-29T13:37:55Z" finished-at="2017-11-29T13:38:10Z">
    <groups>
    </groups>
    <test name="Default test" duration-ms="14228" started-at="2017-11-29T13:37:55Z" finished-at="2017-11-29T13:38:10Z">
      <class name="com.calculator.Launcher">
        <test-method status="PASS" signature="setUp()[pri:0, instance:com.calculator.Launcher@7b69c6ba]" name="setUp" is-config="true" duration-ms="9162" started-at="2017-11-29T19:07:55Z" finished-at="2017-11-29T19:08:05Z">
          <reporter-output>
          </reporter-output>
        </test-method> <!-- setUp -->
        <test-method status="PASS" signature="testCal()[pri:0, instance:com.calculator.Launcher@7b69c6ba]" name="testCal" duration-ms="3451" started-at="2017-11-29T19:08:05Z" finished-at="2017-11-29T19:08:08Z">
          <reporter-output>
          </reporter-output>
        </test-method> <!-- testCal -->
        <test-method status="PASS" signature="teardown()[pri:0, instance:com.calculator.Launcher@7b69c6ba]" name="teardown" is-config="true" duration-ms="1592" started-at="2017-11-29T19:08:08Z" finished-at="2017-11-29T19:08:10Z">
          <reporter-output>
          </reporter-output>
        </test-method> <!-- teardown -->
      </class> <!-- com.calculator.Launcher -->
    </test> <!-- Default test -->
  </suite> <!-- Default suite -->
</testng-results>
